[    3332ms] Invalid or unexpected token
[  123641ms] [ERROR] %o

%s ChunkLoadError: Loading chunk app/layout failed.
(timeout: http://localhost:3000/_next/static/chunks/app/layout.js)
    at __webpack_require__.f.j (http://localhost:3000/_next/static/chunks/webpack.js?v=1770401176764:858:29)
    at http://localhost:3000/_next/static/chunks/webpack.js?v=1770401176764:153:40
    at Array.reduce (<anonymous>)
    at __webpack_require__.e (http://localhost:3000/_next/static/chunks/webpack.js?v=1770401176764:152:67)
    at fn.e (http://localhost:3000/_next/static/chunks/webpack.js?v=1770401176764:389:50)
    at loadChunk (webpack-internal:///(app-pages-browser)/../node_modules/next/dist/compiled/react-server-dom-webpack/cjs/react-server-dom-webpack-client.browser.development.js:126:34)
    at preloadModule (webpack-internal:///(app-pages-browser)/../node_modules/next/dist/compiled/react-server-dom-webpack/cjs/react-server-dom-webpack-client.browser.development.js:93:31)
    at resolveModule (webpack-internal:///(app-pages-browser)/../node_modules/next/dist/compiled/react-server-dom-webpack/cjs/react-server-dom-webpack-client.browser.development.js:1555:20)
    at processFullStringRow (webpack-internal:///(app-pages-browser)/../node_modules/next/dist/compiled/react-server-dom-webpack/cjs/react-server-dom-webpack-client.browser.development.js:2064:11)
    at processFullBinaryRow (webpack-internal:///(app-pages-browser)/../node_modules/next/dist/compiled/react-server-dom-webpack/cjs/react-server-dom-webpack-client.browser.development.js:2059:7)
    at progress (webpack-internal:///(app-pages-browser)/../node_modules/next/dist/compiled/react-server-dom-webpack/cjs/react-server-dom-webpack-client.browser.development.js:2262:17) The above error occurred in the <Lazy> component. It was handled by the <ReactDevOverlay> error boundary. @ webpack-internal:///(app-pages-browser)/../node_modules/next/dist/client/react-client-callbacks/app-router.js:52
[  212772ms] [ERROR] WebSocket connection to 'ws://localhost:3000/_next/webpack-hmr' failed:  @ webpack-internal:///(app-pages-browser)/../node_modules/next/dist/client/components/react-dev-overlay/internal/helpers/use-websocket.js:41
[  880628ms] [ERROR] Failed to load resource: the server responded with a status of 404 (Not Found) @ http://localhost:3000/diagram-prettify.png:0
[  880781ms] [ERROR] Failed to load resource: the server responded with a status of 404 (Not Found) @ http://localhost:3000/diagram-contract.png:0
[ 1559326ms] [ERROR] Failed to load resource: the server responded with a status of 404 (Not Found) @ http://localhost:3000/diagram-prettify.png:0
[ 1559362ms] [ERROR] Failed to load resource: the server responded with a status of 404 (Not Found) @ http://localhost:3000/diagram-contract.png:0
[ 1560995ms] [ERROR] Failed to load resource: the server responded with a status of 404 (Not Found) @ http://localhost:3000/diagram-prettify.png:0
[ 1561032ms] [ERROR] Failed to load resource: the server responded with a status of 404 (Not Found) @ http://localhost:3000/diagram-contract.png:0
